/ GET 0.0014884471893310547
/students/list/ GET 0.4234166145324707
/ GET 0.001962900161743164
/group/list/ GET 0.01189875602722168
/group/edit/7 GET 0.046109676361083984
/group/delete/7 GET 0.13832402229309082
/group/list/ GET 0.013429403305053711
/group/edit/5 GET 0.014148235321044922
/group/edit/5 POST 0.14111828804016113
/group/list/ GET 0.01287531852722168
/ GET 0.0016980171203613281
/students/list/ GET 0.3048090934753418
/students/edit/5 GET 0.01211690902709961
/students/edit/5 POST 0.14005494117736816
/students/list/ GET 0.3192293643951416
/ GET 0.008584737777709961
/students/list/ GET 0.28386616706848145
/ GET 0.0011715888977050781
/teachers/list/ GET 0.045705318450927734
/teachers/edit/2 GET 0.03720736503601074
/teachers/edit/2 POST 0.13516640663146973
/teachers/list/ GET 0.03760170936584473
/ GET 0.006941080093383789
/teachers/list/ GET 0.07471227645874023
/teachers/create/ GET 0.03244757652282715
/teachers/create/ POST 0.13727998733520508
/teachers/list/ GET 0.03676009178161621
/teachers/edit/586 GET 0.012066841125488281
/teachers/edit/586 POST 0.008262395858764648
/teachers/list/ GET 0.03783679008483887
/teachers/edit/2 GET 0.051395416259765625
/teachers/edit/2 POST 0.012233734130859375
/ GET 0.00820612907409668
/teachers/list/ GET 0.12296509742736816
/teachers/edit/2 GET 0.014091968536376953
/teachers/edit/2 POST 0.012343168258666992
/teachers/edit/2 POST 0.19019079208374023
/teachers/list/ GET 0.043087005615234375
/teachers/edit/2 GET 0.012212991714477539
/ GET 0.006393909454345703
/teachers/list/ GET 0.0723731517791748
/teachers/edit/3 GET 0.01382136344909668
/teachers/edit/3 POST 0.012008905410766602
/teachers/edit/3 POST 0.13347244262695312
/teachers/list/ GET 0.038134098052978516
/ GET 0.006235837936401367
/students/list/ GET 0.28742408752441406
/students/edit/3 GET 0.012301921844482422
/ GET 0.006188631057739258
/students/list/ GET 0.2801358699798584
/students/edit/3 GET 0.012366533279418945
/students/edit/3 POST 0.13502764701843262
/students/list/ GET 0.25791287422180176
/ GET 0.006757497787475586
/students/list/ GET 0.28485918045043945
/students/edit/3 GET 0.048322439193725586
/students/edit/3 POST 0.011079549789428711
/students/edit/3 POST 0.20325899124145508
/students/list/ GET 0.25076961517333984
/ GET 0.006324291229248047
/students/list/ GET 0.2870802879333496
/students/edit/3 GET 0.012706995010375977
/students/edit/3 POST 0.010740280151367188
/students/edit/3 POST 0.010524749755859375
/students/edit/3 POST 0.13944339752197266
/students/list/ GET 0.2562093734741211
/ GET 0.0012881755828857422
/teachers/list/ GET 0.038184404373168945
/teachers/edit/2 GET 0.012065649032592773
/teachers/edit/2 POST 0.13775897026062012
/teachers/list/ GET 0.03868436813354492
/ GET 0.0012676715850830078
/teachers/list/ GET 0.06310439109802246
/teachers/edit/2 GET 0.011602163314819336
/teachers/edit/2 POST 0.13995957374572754
/teachers/list/ GET 0.04482436180114746
/teachers/edit/2 GET 0.01245260238647461
/ GET 0.0067675113677978516
/students/list/ GET 0.3057260513305664
/ GET 0.0011494159698486328
/teachers/list/ GET 0.03693532943725586
/teachers/edit/2 GET 0.013968706130981445
/teachers/edit/2 POST 0.008702278137207031
/teachers/list/ GET 0.045548439025878906
/teachers/edit/2 GET 0.013815164566040039
/ GET 0.006883859634399414
/teachers/list/ GET 0.07596468925476074
/teachers/edit/2 GET 0.014158248901367188
/ GET 0.0035164356231689453
/students/list/ GET 0.2775425910949707
/silk/ GET 0.1921546459197998
