/ GET 0.004357576370239258
/favicon.ico GET 0.007517337799072266
/students/list/ GET 0.02939438819885254
/favicon.ico GET 0.006706953048706055
/ GET 0.0013921260833740234
/students/list/ GET 0.006859779357910156
/ GET 0.0015897750854492188
/teachers/list/ GET 0.00656437873840332
/ GET 0.0014581680297851562
/group/list/ GET 0.011852502822875977
/ GET 0.0014159679412841797
/students/list/ GET 0.006936073303222656
/ GET 0.004739046096801758
/students/list/ GET 0.01289510726928711
/ GET 0.00139617919921875
/teachers/list/ GET 0.01026606559753418
/ GET 0.0013885498046875
/group/list/ GET 0.01558232307434082
/ GET 0.0015902519226074219
/students/view_logs/ GET 0.006182193756103516
/ GET 0.0018486976623535156
/students/list/ GET 0.014396429061889648
/ GET 0.002088785171508789
/teachers/list/ GET 0.0124969482421875
/ GET 0.005828142166137695
/students/list/ GET 0.012669801712036133
/ GET 0.0013010501861572266
/teachers/list/ GET 0.008868694305419922
/teachers/edit/1 GET 0.09283900260925293
/ GET 0.0015370845794677734
/teachers/list/ GET 0.00919032096862793
/ GET 0.003165721893310547
/group/list/ GET 0.012305259704589844
/ GET 0.004892587661743164
/group/list/ GET 0.015287160873413086
/group/list/ GET 0.0138702392578125
/group/list/ GET 0.026415109634399414
/group/list/ GET 0.016333341598510742
/group/list/ GET 0.014693498611450195
/group/list/ GET 0.027489185333251953
/ GET 0.00477910041809082
/teachers/list/ GET 0.012531518936157227
/group/list/ GET 0.01723480224609375
/group/list/ GET 0.14515256881713867
/group/list/ GET 0.014653921127319336
/group/list/ GET 0.01586747169494629
/group/list/ GET 0.017008066177368164
/group/list/ GET 0.01686692237854004
/group/list/ GET 0.028217792510986328
/group/edit/6 GET 0.05790209770202637
/group/list/ GET 0.01625990867614746
/group/list/ GET 0.015099763870239258
/ GET 0.00188446044921875
/students/contact_us/ GET 0.0012056827545166016
/group/list/ GET 0.013849020004272461
/ GET 0.004748106002807617
/favicon.ico GET 0.008404731750488281
/students/list/ GET 0.023450851440429688
/ GET 0.001508951187133789
/teachers/list/ GET 0.014973878860473633
/ GET 0.001535654067993164
/group/list/ GET 0.015328645706176758
/ GET 0.0016255378723144531
/students/view_logs/ GET 0.0065631866455078125
/ GET 0.0013737678527832031
/students/contact_us/ GET 0.0012676715850830078
/group/list/ GET 0.014535665512084961
/ GET 0.0014050006866455078
/students/view_logs/ GET 0.007927656173706055
/ GET 0.0014812946319580078
/admin/ GET 0.1634669303894043
/admin/login/ GET 0.15537214279174805
/admin/login/ POST 0.25643420219421387
/admin/login/ POST 0.2696859836578369
/admin/login/ POST 0.2472233772277832
/admin/l GET 0.17552638053894043
/admin/ GET 0.16250061988830566
/admin/login/ GET 0.19555020332336426
/admin/login/ POST 0.5236010551452637
/admin/ GET 0.22813844680786133
/admin/group/group/ GET 0.3763892650604248
/admin/jsi18n/ GET 0.2518184185028076
/admin/ GET 0.2148118019104004
/admin/students/student/ GET 0.23099923133850098
/admin/jsi18n/ GET 0.2278282642364502
/admin/ GET 0.1785888671875
/admin/teachers/teacher/ GET 0.3125135898590088
/admin/jsi18n/ GET 0.2005608081817627
/admin/teachers/teacher/100/change/ GET 0.22228026390075684
/admin/jsi18n/ GET 0.15557575225830078
/admin/ GET 0.18083572387695312
/ GET 0.015344381332397461
/students/view_logs/ GET 0.020886659622192383
/ GET 0.015589237213134766
